This is pdfTeX, Version 3.14159265-2.6-1.40.19 (TeX Live 2018) (preloaded format=pdflatex 2019.1.30)  27 MAR 2019 15:11
entering extended mode
 restricted \write18 enabled.
 %&-line parsing enabled.
**paper.tex
(./paper.tex
LaTeX2e <2018-04-01> patch level 5
(/Users/jrosenb8/Library/TinyTeX/texmf-dist/tex/latex/apa6/apa6.cls
Document Class: apa6 2018/09/01 v2.33 APA formatting (6th edition)
(/Users/jrosenb8/Library/TinyTeX/texmf-dist/tex/latex/base/article.cls
Document Class: article 2014/09/29 v1.4h Standard LaTeX document class
(/Users/jrosenb8/Library/TinyTeX/texmf-dist/tex/latex/base/size12.clo
File: size12.clo 2014/09/29 v1.4h Standard LaTeX file (size option)
)
\c@part=\count80
\c@section=\count81
\c@subsection=\count82
\c@subsubsection=\count83
\c@paragraph=\count84
\c@subparagraph=\count85
\c@figure=\count86
\c@table=\count87
\abovecaptionskip=\skip41
\belowcaptionskip=\skip42
\bibindent=\dimen102
) (/Users/jrosenb8/Library/TinyTeX/texmf-dist/tex/latex/etoolbox/etoolbox.sty
Package: etoolbox 2018/08/19 v2.5f e-TeX tools for LaTeX (JAW)
\etb@tempcnta=\count88
)
Class apa6 Info: No bibliography package was specified; defaulting to (but not 
loading) Biblatex on input line 213.
(/Users/jrosenb8/Library/TinyTeX/texmf-dist/tex/latex/lm/lmodern.sty
Package: lmodern 2009/10/30 v1.6 Latin Modern Fonts
LaTeX Font Info:    Overwriting symbol font `operators' in version `normal'
(Font)                  OT1/cmr/m/n --> OT1/lmr/m/n on input line 22.
LaTeX Font Info:    Overwriting symbol font `letters' in version `normal'
(Font)                  OML/cmm/m/it --> OML/lmm/m/it on input line 23.
LaTeX Font Info:    Overwriting symbol font `symbols' in version `normal'
(Font)                  OMS/cmsy/m/n --> OMS/lmsy/m/n on input line 24.
LaTeX Font Info:    Overwriting symbol font `largesymbols' in version `normal'
(Font)                  OMX/cmex/m/n --> OMX/lmex/m/n on input line 25.
LaTeX Font Info:    Overwriting symbol font `operators' in version `bold'
(Font)                  OT1/cmr/bx/n --> OT1/lmr/bx/n on input line 26.
LaTeX Font Info:    Overwriting symbol font `letters' in version `bold'
(Font)                  OML/cmm/b/it --> OML/lmm/b/it on input line 27.
LaTeX Font Info:    Overwriting symbol font `symbols' in version `bold'
(Font)                  OMS/cmsy/b/n --> OMS/lmsy/b/n on input line 28.
LaTeX Font Info:    Overwriting symbol font `largesymbols' in version `bold'
(Font)                  OMX/cmex/m/n --> OMX/lmex/m/n on input line 29.
LaTeX Font Info:    Overwriting math alphabet `\mathbf' in version `normal'
(Font)                  OT1/cmr/bx/n --> OT1/lmr/bx/n on input line 31.
LaTeX Font Info:    Overwriting math alphabet `\mathsf' in version `normal'
(Font)                  OT1/cmss/m/n --> OT1/lmss/m/n on input line 32.
LaTeX Font Info:    Overwriting math alphabet `\mathit' in version `normal'
(Font)                  OT1/cmr/m/it --> OT1/lmr/m/it on input line 33.
LaTeX Font Info:    Overwriting math alphabet `\mathtt' in version `normal'
(Font)                  OT1/cmtt/m/n --> OT1/lmtt/m/n on input line 34.
LaTeX Font Info:    Overwriting math alphabet `\mathbf' in version `bold'
(Font)                  OT1/cmr/bx/n --> OT1/lmr/bx/n on input line 35.
LaTeX Font Info:    Overwriting math alphabet `\mathsf' in version `bold'
(Font)                  OT1/cmss/bx/n --> OT1/lmss/bx/n on input line 36.
LaTeX Font Info:    Overwriting math alphabet `\mathit' in version `bold'
(Font)                  OT1/cmr/bx/it --> OT1/lmr/bx/it on input line 37.
LaTeX Font Info:    Overwriting math alphabet `\mathtt' in version `bold'
(Font)                  OT1/cmtt/m/n --> OT1/lmtt/m/n on input line 38.
) (/Users/jrosenb8/Library/TinyTeX/texmf-dist/tex/latex/base/fontenc.sty
Package: fontenc 2017/04/05 v2.0i Standard LaTeX package
(/Users/jrosenb8/Library/TinyTeX/texmf-dist/tex/latex/base/t1enc.def
File: t1enc.def 2017/04/05 v2.0i Standard LaTeX file
LaTeX Font Info:    Redeclaring font encoding T1 on input line 48.
)) (/Users/jrosenb8/Library/TinyTeX/texmf-dist/tex/latex/geometry/geometry.sty
Package: geometry 2018/04/16 v5.8 Page Geometry
(/Users/jrosenb8/Library/TinyTeX/texmf-dist/tex/latex/graphics/keyval.sty
Package: keyval 2014/10/28 v1.15 key=value parser (DPC)
\KV@toks@=\toks14
) (/Users/jrosenb8/Library/TinyTeX/texmf-dist/tex/generic/oberdiek/ifpdf.sty
Package: ifpdf 2017/03/15 v3.2 Provides the ifpdf switch
) (/Users/jrosenb8/Library/TinyTeX/texmf-dist/tex/generic/oberdiek/ifvtex.sty
Package: ifvtex 2016/05/16 v1.6 Detect VTeX and its facilities (HO)
Package ifvtex Info: VTeX not detected.
) (/Users/jrosenb8/Library/TinyTeX/texmf-dist/tex/generic/ifxetex/ifxetex.sty
Package: ifxetex 2010/09/12 v0.6 Provides ifxetex conditional
)
\Gm@cnth=\count89
\Gm@cntv=\count90
\c@Gm@tempcnt=\count91
\Gm@bindingoffset=\dimen103
\Gm@wd@mp=\dimen104
\Gm@odd@mp=\dimen105
\Gm@even@mp=\dimen106
\Gm@layoutwidth=\dimen107
\Gm@layoutheight=\dimen108
\Gm@layouthoffset=\dimen109
\Gm@layoutvoffset=\dimen110
\Gm@dimlist=\toks15
) (/Users/jrosenb8/Library/TinyTeX/texmf-dist/tex/latex/graphics/graphicx.sty
Package: graphicx 2017/06/01 v1.1a Enhanced LaTeX Graphics (DPC,SPQR)
(/Users/jrosenb8/Library/TinyTeX/texmf-dist/tex/latex/graphics/graphics.sty
Package: graphics 2017/06/25 v1.2c Standard LaTeX Graphics (DPC,SPQR)
(/Users/jrosenb8/Library/TinyTeX/texmf-dist/tex/latex/graphics/trig.sty
Package: trig 2016/01/03 v1.10 sin cos tan (DPC)
)
(/Users/jrosenb8/Library/TinyTeX/texmf-dist/tex/latex/graphics-cfg/graphics.cfg
File: graphics.cfg 2016/06/04 v1.11 sample graphics configuration
)
Package graphics Info: Driver file: pdftex.def on input line 99.
(/Users/jrosenb8/Library/TinyTeX/texmf-dist/tex/latex/graphics-def/pdftex.def
File: pdftex.def 2018/01/08 v1.0l Graphics/color driver for pdftex
))
\Gin@req@height=\dimen111
\Gin@req@width=\dimen112
) (/Users/jrosenb8/Library/TinyTeX/texmf-dist/tex/latex/booktabs/booktabs.sty
Package: booktabs 2016/04/27 v1.618033 publication quality tables
\heavyrulewidth=\dimen113
\lightrulewidth=\dimen114
\cmidrulewidth=\dimen115
\belowrulesep=\dimen116
\belowbottomsep=\dimen117
\aboverulesep=\dimen118
\abovetopsep=\dimen119
\cmidrulesep=\dimen120
\cmidrulekern=\dimen121
\defaultaddspace=\dimen122
\@cmidla=\count92
\@cmidlb=\count93
\@aboverulesep=\dimen123
\@belowrulesep=\dimen124
\@thisruleclass=\count94
\@lastruleclass=\count95
\@thisrulewidth=\dimen125
)
(/Users/jrosenb8/Library/TinyTeX/texmf-dist/tex/latex/threeparttable/threepartt
able.sty
Package: threeparttable 2003/06/13  v 3.0
\@tempboxb=\box26
)
\b@level@one@skip=\skip43
\e@level@one@skip=\skip44
\b@level@two@skip=\skip45
\e@level@two@skip=\skip46
\b@level@three@skip=\skip47
\e@level@three@skip=\skip48
\b@level@four@skip=\skip49
\e@level@four@skip=\skip50
\b@level@five@skip=\skip51
\e@level@five@skip=\skip52
(/Users/jrosenb8/Library/TinyTeX/texmf-dist/tex/latex/caption/caption.sty
Package: caption 2018/05/01 v3.3-147 Customizing captions (AR)
(/Users/jrosenb8/Library/TinyTeX/texmf-dist/tex/latex/caption/caption3.sty
Package: caption3 2018/05/27 v1.8a caption3 kernel (AR)
Package caption3 Info: TeX engine: e-TeX on input line 64.
\captionmargin=\dimen126
\captionmargin@=\dimen127
\captionwidth=\dimen128
\caption@tempdima=\dimen129
\caption@indent=\dimen130
\caption@parindent=\dimen131
\caption@hangindent=\dimen132
)
\c@ContinuedFloat=\count96
Package caption Info: threeparttable package is loaded.
)
\c@APAenum=\count97
\@text@par@indent=\skip53
\gr@box=\box27
\gr@boxwidth=\skip54
\gr@boxheight=\skip55
(/Users/jrosenb8/Library/TinyTeX/texmf-dist/tex/latex/tools/bm.sty
Package: bm 2017/01/16 v1.2c Bold Symbol Support (DPC/FMi)
\symboldoperators=\mathgroup4
\symboldletters=\mathgroup5
\symboldsymbols=\mathgroup6
LaTeX Font Info:    Redeclaring math alphabet \mathbf on input line 141.
LaTeX Info: Redefining \bm on input line 207.
)
\c@appendix=\count98
(/Users/jrosenb8/Library/TinyTeX/texmf-dist/tex/latex/fancyhdr/fancyhdr.sty
Package: fancyhdr 2017/06/30 v3.9a Extensive control of page headers and footer
s
\f@nch@headwidth=\skip56
\f@nch@O@elh=\skip57
\f@nch@O@erh=\skip58
\f@nch@O@olh=\skip59
\f@nch@O@orh=\skip60
\f@nch@O@elf=\skip61
\f@nch@O@erf=\skip62
\f@nch@O@olf=\skip63
\f@nch@O@orf=\skip64
) (/Users/jrosenb8/Library/TinyTeX/texmf-dist/tex/latex/endfloat/endfloat.sty
Package: endfloat 2018/03/24 v2.6 LaTeX2e package puts figures and tables at en
d (jdm)
\c@posttable=\count99
\efloat@postttt=\write3
\@ef@tttopen=\count100
\c@postfigure=\count101
\efloat@postfff=\write4
\@ef@fffopen=\count102
)) (/Users/jrosenb8/Library/TinyTeX/texmf-dist/tex/latex/amsfonts/amssymb.sty
Package: amssymb 2013/01/14 v3.01 AMS font symbols
(/Users/jrosenb8/Library/TinyTeX/texmf-dist/tex/latex/amsfonts/amsfonts.sty
Package: amsfonts 2013/01/14 v3.01 Basic AMSFonts support
\@emptytoks=\toks16
\symAMSa=\mathgroup7
\symAMSb=\mathgroup8
LaTeX Font Info:    Overwriting math alphabet `\mathfrak' in version `bold'
(Font)                  U/euf/m/n --> U/euf/b/n on input line 106.
)) (/Users/jrosenb8/Library/TinyTeX/texmf-dist/tex/latex/amsmath/amsmath.sty
Package: amsmath 2017/09/02 v2.17a AMS math features
\@mathmargin=\skip65
For additional information on amsmath, use the `?' option.
(/Users/jrosenb8/Library/TinyTeX/texmf-dist/tex/latex/amsmath/amstext.sty
Package: amstext 2000/06/29 v2.01 AMS text
(/Users/jrosenb8/Library/TinyTeX/texmf-dist/tex/latex/amsmath/amsgen.sty
File: amsgen.sty 1999/11/30 v2.0 generic functions
\@emptytoks=\toks17
\ex@=\dimen133
)) (/Users/jrosenb8/Library/TinyTeX/texmf-dist/tex/latex/amsmath/amsbsy.sty
Package: amsbsy 1999/11/29 v1.2d Bold Symbols
LaTeX Info: Redefining \boldsymbol on input line 28.
\pmbraise@=\dimen134
) (/Users/jrosenb8/Library/TinyTeX/texmf-dist/tex/latex/amsmath/amsopn.sty
Package: amsopn 2016/03/08 v2.02 operator names
)
\inf@bad=\count103
LaTeX Info: Redefining \frac on input line 213.
\uproot@=\count104
\leftroot@=\count105
LaTeX Info: Redefining \overline on input line 375.
\classnum@=\count106
\DOTSCASE@=\count107
LaTeX Info: Redefining \ldots on input line 472.
LaTeX Info: Redefining \dots on input line 475.
LaTeX Info: Redefining \cdots on input line 596.
\Mathstrutbox@=\box28
\strutbox@=\box29
\big@size=\dimen135
LaTeX Font Info:    Redeclaring font encoding OML on input line 712.
LaTeX Font Info:    Redeclaring font encoding OMS on input line 713.
\macc@depth=\count108
\c@MaxMatrixCols=\count109
\dotsspace@=\muskip10
\c@parentequation=\count110
\dspbrk@lvl=\count111
\tag@help=\toks18
\row@=\count112
\column@=\count113
\maxfields@=\count114
\andhelp@=\toks19
\eqnshift@=\dimen136
\alignsep@=\dimen137
\tagshift@=\dimen138
\tagwidth@=\dimen139
\totwidth@=\dimen140
\lineht@=\dimen141
\@envbody=\toks20
\multlinegap=\skip66
\multlinetaggap=\skip67
\mathdisplay@stack=\toks21
LaTeX Info: Redefining \[ on input line 2817.
LaTeX Info: Redefining \] on input line 2818.
) (/Users/jrosenb8/Library/TinyTeX/texmf-dist/tex/generic/oberdiek/ifluatex.sty
Package: ifluatex 2016/05/16 v1.4 Provides the ifluatex switch (HO)
Package ifluatex Info: LuaTeX not detected.
) (/Users/jrosenb8/Library/TinyTeX/texmf-dist/tex/latex/base/fixltx2e.sty
Package: fixltx2e 2016/12/29 v2.1a fixes to LaTeX (obsolete)
Applying: [2015/01/01] Old fixltx2e package on input line 46.

Package fixltx2e Warning: fixltx2e is not required with releases after 2015
(fixltx2e)                All fixes are now in the LaTeX kernel.
(fixltx2e)                See the latexrelease package for details.

Already applied: [0000/00/00] Old fixltx2e package on input line 53.
) (/Users/jrosenb8/Library/TinyTeX/texmf-dist/tex/latex/base/fontenc.sty
Package: fontenc 2017/04/05 v2.0i Standard LaTeX package
(/Users/jrosenb8/Library/TinyTeX/texmf-dist/tex/latex/base/t1enc.def
File: t1enc.def 2017/04/05 v2.0i Standard LaTeX file
LaTeX Font Info:    Redeclaring font encoding T1 on input line 48.
)) (/Users/jrosenb8/Library/TinyTeX/texmf-dist/tex/latex/base/inputenc.sty
Package: inputenc 2018/04/06 v1.3b Input encoding file
\inpenc@prehook=\toks22
\inpenc@posthook=\toks23
) (/Users/jrosenb8/Library/TinyTeX/texmf-dist/tex/latex/upquote/upquote.sty
Package: upquote 2012/04/19 v1.3 upright-quote and grave-accent glyphs in verba
tim
(/Users/jrosenb8/Library/TinyTeX/texmf-dist/tex/latex/base/textcomp.sty
Package: textcomp 2017/04/05 v2.0i Standard LaTeX package
Package textcomp Info: Sub-encoding information:
(textcomp)               5 = only ISO-Adobe without \textcurrency
(textcomp)               4 = 5 + \texteuro
(textcomp)               3 = 4 + \textohm
(textcomp)               2 = 3 + \textestimated + \textcurrency
(textcomp)               1 = TS1 - \textcircled - \t
(textcomp)               0 = TS1 (full)
(textcomp)             Font families with sub-encoding setting implement
(textcomp)             only a restricted character set as indicated.
(textcomp)             Family '?' is the default used for unknown fonts.
(textcomp)             See the documentation for details.
Package textcomp Info: Setting ? sub-encoding to TS1/1 on input line 79.
(/Users/jrosenb8/Library/TinyTeX/texmf-dist/tex/latex/base/ts1enc.def
File: ts1enc.def 2001/06/05 v3.0e (jk/car/fm) Standard LaTeX file
Now handling font encoding TS1 ...
... processing UTF-8 mapping file for font encoding TS1
(/Users/jrosenb8/Library/TinyTeX/texmf-dist/tex/latex/base/ts1enc.dfu
File: ts1enc.dfu 2018/04/05 v1.2c UTF-8 support for inputenc
   defining Unicode char U+00A2 (decimal 162)
   defining Unicode char U+00A3 (decimal 163)
   defining Unicode char U+00A4 (decimal 164)
   defining Unicode char U+00A5 (decimal 165)
   defining Unicode char U+00A6 (decimal 166)
   defining Unicode char U+00A7 (decimal 167)
   defining Unicode char U+00A8 (decimal 168)
   defining Unicode char U+00A9 (decimal 169)
   defining Unicode char U+00AA (decimal 170)
   defining Unicode char U+00AC (decimal 172)
   defining Unicode char U+00AE (decimal 174)
   defining Unicode char U+00AF (decimal 175)
   defining Unicode char U+00B0 (decimal 176)
   defining Unicode char U+00B1 (decimal 177)
   defining Unicode char U+00B2 (decimal 178)
   defining Unicode char U+00B3 (decimal 179)
   defining Unicode char U+00B4 (decimal 180)
   defining Unicode char U+00B5 (decimal 181)
   defining Unicode char U+00B6 (decimal 182)
   defining Unicode char U+00B7 (decimal 183)
   defining Unicode char U+00B9 (decimal 185)
   defining Unicode char U+00BA (decimal 186)
   defining Unicode char U+00BC (decimal 188)
   defining Unicode char U+00BD (decimal 189)
   defining Unicode char U+00BE (decimal 190)
   defining Unicode char U+00D7 (decimal 215)
   defining Unicode char U+00F7 (decimal 247)
   defining Unicode char U+0192 (decimal 402)
   defining Unicode char U+02C7 (decimal 711)
   defining Unicode char U+02D8 (decimal 728)
   defining Unicode char U+02DD (decimal 733)
   defining Unicode char U+0E3F (decimal 3647)
   defining Unicode char U+2016 (decimal 8214)
   defining Unicode char U+2020 (decimal 8224)
   defining Unicode char U+2021 (decimal 8225)
   defining Unicode char U+2022 (decimal 8226)
   defining Unicode char U+2030 (decimal 8240)
   defining Unicode char U+2031 (decimal 8241)
   defining Unicode char U+203B (decimal 8251)
   defining Unicode char U+203D (decimal 8253)
   defining Unicode char U+2044 (decimal 8260)
   defining Unicode char U+204E (decimal 8270)
   defining Unicode char U+2052 (decimal 8274)
   defining Unicode char U+20A1 (decimal 8353)
   defining Unicode char U+20A4 (decimal 8356)
   defining Unicode char U+20A6 (decimal 8358)
   defining Unicode char U+20A9 (decimal 8361)
   defining Unicode char U+20AB (decimal 8363)
   defining Unicode char U+20AC (decimal 8364)
   defining Unicode char U+20B1 (decimal 8369)
   defining Unicode char U+2103 (decimal 8451)
   defining Unicode char U+2116 (decimal 8470)
   defining Unicode char U+2117 (decimal 8471)
   defining Unicode char U+211E (decimal 8478)
   defining Unicode char U+2120 (decimal 8480)
   defining Unicode char U+2122 (decimal 8482)
   defining Unicode char U+2126 (decimal 8486)
   defining Unicode char U+2127 (decimal 8487)
   defining Unicode char U+212E (decimal 8494)
   defining Unicode char U+2190 (decimal 8592)
   defining Unicode char U+2191 (decimal 8593)
   defining Unicode char U+2192 (decimal 8594)
   defining Unicode char U+2193 (decimal 8595)
   defining Unicode char U+2329 (decimal 9001)
   defining Unicode char U+232A (decimal 9002)
   defining Unicode char U+2422 (decimal 9250)
   defining Unicode char U+25E6 (decimal 9702)
   defining Unicode char U+25EF (decimal 9711)
   defining Unicode char U+266A (decimal 9834)
   defining Unicode char U+FEFF (decimal 65279)
))
LaTeX Info: Redefining \oldstylenums on input line 334.
Package textcomp Info: Setting cmr sub-encoding to TS1/0 on input line 349.
Package textcomp Info: Setting cmss sub-encoding to TS1/0 on input line 350.
Package textcomp Info: Setting cmtt sub-encoding to TS1/0 on input line 351.
Package textcomp Info: Setting cmvtt sub-encoding to TS1/0 on input line 352.
Package textcomp Info: Setting cmbr sub-encoding to TS1/0 on input line 353.
Package textcomp Info: Setting cmtl sub-encoding to TS1/0 on input line 354.
Package textcomp Info: Setting ccr sub-encoding to TS1/0 on input line 355.
Package textcomp Info: Setting ptm sub-encoding to TS1/4 on input line 356.
Package textcomp Info: Setting pcr sub-encoding to TS1/4 on input line 357.
Package textcomp Info: Setting phv sub-encoding to TS1/4 on input line 358.
Package textcomp Info: Setting ppl sub-encoding to TS1/3 on input line 359.
Package textcomp Info: Setting pag sub-encoding to TS1/4 on input line 360.
Package textcomp Info: Setting pbk sub-encoding to TS1/4 on input line 361.
Package textcomp Info: Setting pnc sub-encoding to TS1/4 on input line 362.
Package textcomp Info: Setting pzc sub-encoding to TS1/4 on input line 363.
Package textcomp Info: Setting bch sub-encoding to TS1/4 on input line 364.
Package textcomp Info: Setting put sub-encoding to TS1/5 on input line 365.
Package textcomp Info: Setting uag sub-encoding to TS1/5 on input line 366.
Package textcomp Info: Setting ugq sub-encoding to TS1/5 on input line 367.
Package textcomp Info: Setting ul8 sub-encoding to TS1/4 on input line 368.
Package textcomp Info: Setting ul9 sub-encoding to TS1/4 on input line 369.
Package textcomp Info: Setting augie sub-encoding to TS1/5 on input line 370.
Package textcomp Info: Setting dayrom sub-encoding to TS1/3 on input line 371.
Package textcomp Info: Setting dayroms sub-encoding to TS1/3 on input line 372.

Package textcomp Info: Setting pxr sub-encoding to TS1/0 on input line 373.
Package textcomp Info: Setting pxss sub-encoding to TS1/0 on input line 374.
Package textcomp Info: Setting pxtt sub-encoding to TS1/0 on input line 375.
Package textcomp Info: Setting txr sub-encoding to TS1/0 on input line 376.
Package textcomp Info: Setting txss sub-encoding to TS1/0 on input line 377.
Package textcomp Info: Setting txtt sub-encoding to TS1/0 on input line 378.
Package textcomp Info: Setting lmr sub-encoding to TS1/0 on input line 379.
Package textcomp Info: Setting lmdh sub-encoding to TS1/0 on input line 380.
Package textcomp Info: Setting lmss sub-encoding to TS1/0 on input line 381.
Package textcomp Info: Setting lmssq sub-encoding to TS1/0 on input line 382.
Package textcomp Info: Setting lmvtt sub-encoding to TS1/0 on input line 383.
Package textcomp Info: Setting lmtt sub-encoding to TS1/0 on input line 384.
Package textcomp Info: Setting qhv sub-encoding to TS1/0 on input line 385.
Package textcomp Info: Setting qag sub-encoding to TS1/0 on input line 386.
Package textcomp Info: Setting qbk sub-encoding to TS1/0 on input line 387.
Package textcomp Info: Setting qcr sub-encoding to TS1/0 on input line 388.
Package textcomp Info: Setting qcs sub-encoding to TS1/0 on input line 389.
Package textcomp Info: Setting qpl sub-encoding to TS1/0 on input line 390.
Package textcomp Info: Setting qtm sub-encoding to TS1/0 on input line 391.
Package textcomp Info: Setting qzc sub-encoding to TS1/0 on input line 392.
Package textcomp Info: Setting qhvc sub-encoding to TS1/0 on input line 393.
Package textcomp Info: Setting futs sub-encoding to TS1/4 on input line 394.
Package textcomp Info: Setting futx sub-encoding to TS1/4 on input line 395.
Package textcomp Info: Setting futj sub-encoding to TS1/4 on input line 396.
Package textcomp Info: Setting hlh sub-encoding to TS1/3 on input line 397.
Package textcomp Info: Setting hls sub-encoding to TS1/3 on input line 398.
Package textcomp Info: Setting hlst sub-encoding to TS1/3 on input line 399.
Package textcomp Info: Setting hlct sub-encoding to TS1/5 on input line 400.
Package textcomp Info: Setting hlx sub-encoding to TS1/5 on input line 401.
Package textcomp Info: Setting hlce sub-encoding to TS1/5 on input line 402.
Package textcomp Info: Setting hlcn sub-encoding to TS1/5 on input line 403.
Package textcomp Info: Setting hlcw sub-encoding to TS1/5 on input line 404.
Package textcomp Info: Setting hlcf sub-encoding to TS1/5 on input line 405.
Package textcomp Info: Setting pplx sub-encoding to TS1/3 on input line 406.
Package textcomp Info: Setting pplj sub-encoding to TS1/3 on input line 407.
Package textcomp Info: Setting ptmx sub-encoding to TS1/4 on input line 408.
Package textcomp Info: Setting ptmj sub-encoding to TS1/4 on input line 409.
)) (/Users/jrosenb8/Library/TinyTeX/texmf-dist/tex/latex/microtype/microtype.st
y
Package: microtype 2018/01/14 v2.7a Micro-typographical refinements (RS)
\MT@toks=\toks24
\MT@count=\count115
LaTeX Info: Redefining \textls on input line 793.
\MT@outer@kern=\dimen142
LaTeX Info: Redefining \textmicrotypecontext on input line 1339.
\MT@listname@count=\count116

(/Users/jrosenb8/Library/TinyTeX/texmf-dist/tex/latex/microtype/microtype-pdfte
x.def
File: microtype-pdftex.def 2018/01/14 v2.7a Definitions specific to pdftex (RS)

LaTeX Info: Redefining \lsstyle on input line 913.
LaTeX Info: Redefining \lslig on input line 913.
\MT@outer@space=\skip68
)
Package microtype Info: Loading configuration file microtype.cfg.
(/Users/jrosenb8/Library/TinyTeX/texmf-dist/tex/latex/microtype/microtype.cfg
File: microtype.cfg 2018/01/14 v2.7a microtype main configuration file (RS)
)) (/Users/jrosenb8/Library/TinyTeX/texmf-dist/tex/latex/hyperref/hyperref.sty
Package: hyperref 2018/02/06 v6.86b Hypertext links for LaTeX

(/Users/jrosenb8/Library/TinyTeX/texmf-dist/tex/generic/oberdiek/hobsub-hyperre
f.sty
Package: hobsub-hyperref 2016/05/16 v1.14 Bundle oberdiek, subset hyperref (HO)


(/Users/jrosenb8/Library/TinyTeX/texmf-dist/tex/generic/oberdiek/hobsub-generic
.sty
Package: hobsub-generic 2016/05/16 v1.14 Bundle oberdiek, subset generic (HO)
Package: hobsub 2016/05/16 v1.14 Construct package bundles (HO)
Package: infwarerr 2016/05/16 v1.4 Providing info/warning/error messages (HO)
Package: ltxcmds 2016/05/16 v1.23 LaTeX kernel commands for general use (HO)
Package hobsub Info: Skipping package `ifluatex' (already loaded).
Package hobsub Info: Skipping package `ifvtex' (already loaded).
Package: intcalc 2016/05/16 v1.2 Expandable calculations with integers (HO)
Package hobsub Info: Skipping package `ifpdf' (already loaded).
Package: etexcmds 2016/05/16 v1.6 Avoid name clashes with e-TeX commands (HO)
Package etexcmds Info: Could not find \expanded.
(etexcmds)             That can mean that you are not using pdfTeX 1.50 or
(etexcmds)             that some package has redefined \expanded.
(etexcmds)             In the latter case, load this package earlier.
Package: kvsetkeys 2016/05/16 v1.17 Key value parser (HO)
Package: kvdefinekeys 2016/05/16 v1.4 Define keys (HO)
Package: pdftexcmds 2018/01/30 v0.27 Utility functions of pdfTeX for LuaTeX (HO
)
Package pdftexcmds Info: LuaTeX not detected.
Package pdftexcmds Info: \pdf@primitive is available.
Package pdftexcmds Info: \pdf@ifprimitive is available.
Package pdftexcmds Info: \pdfdraftmode found.
Package: pdfescape 2016/05/16 v1.14 Implements pdfTeX's escape features (HO)
Package: bigintcalc 2016/05/16 v1.4 Expandable calculations on big integers (HO
)
Package: bitset 2016/05/16 v1.2 Handle bit-vector datatype (HO)
Package: uniquecounter 2016/05/16 v1.3 Provide unlimited unique counter (HO)
)
Package hobsub Info: Skipping package `hobsub' (already loaded).
Package: letltxmacro 2016/05/16 v1.5 Let assignment for LaTeX macros (HO)
Package: hopatch 2016/05/16 v1.3 Wrapper for package hooks (HO)
Package: xcolor-patch 2016/05/16 xcolor patch
Package: atveryend 2016/05/16 v1.9 Hooks at the very end of document (HO)
Package: atbegshi 2016/06/09 v1.18 At begin shipout hook (HO)
Package: refcount 2016/05/16 v3.5 Data extraction from label references (HO)
Package: hycolor 2016/05/16 v1.8 Color options for hyperref/bookmark (HO)
) (/Users/jrosenb8/Library/TinyTeX/texmf-dist/tex/latex/oberdiek/auxhook.sty
Package: auxhook 2016/05/16 v1.4 Hooks for auxiliary files (HO)
) (/Users/jrosenb8/Library/TinyTeX/texmf-dist/tex/latex/oberdiek/kvoptions.sty
Package: kvoptions 2016/05/16 v3.12 Key value format for package options (HO)
)
\@linkdim=\dimen143
\Hy@linkcounter=\count117
\Hy@pagecounter=\count118
(/Users/jrosenb8/Library/TinyTeX/texmf-dist/tex/latex/hyperref/pd1enc.def
File: pd1enc.def 2018/02/06 v6.86b Hyperref: PDFDocEncoding definition (HO)
Now handling font encoding PD1 ...
... no UTF-8 mapping file for font encoding PD1
)
\Hy@SavedSpaceFactor=\count119
(/Users/jrosenb8/Library/TinyTeX/texmf-dist/tex/latex/latexconfig/hyperref.cfg
File: hyperref.cfg 2002/06/06 v1.2 hyperref configuration of TeXLive
)
Package hyperref Info: Hyper figures OFF on input line 4509.
Package hyperref Info: Link nesting OFF on input line 4514.
Package hyperref Info: Hyper index ON on input line 4517.
Package hyperref Info: Plain pages OFF on input line 4524.
Package hyperref Info: Backreferencing OFF on input line 4529.
Package hyperref Info: Implicit mode ON; LaTeX internals redefined.
Package hyperref Info: Bookmarks ON on input line 4762.
\c@Hy@tempcnt=\count120
(/Users/jrosenb8/Library/TinyTeX/texmf-dist/tex/latex/url/url.sty
\Urlmuskip=\muskip11
Package: url 2013/09/16  ver 3.4  Verb mode for urls, etc.
)
LaTeX Info: Redefining \url on input line 5115.
\XeTeXLinkMargin=\dimen144
\Fld@menulength=\count121
\Field@Width=\dimen145
\Fld@charsize=\dimen146
Package hyperref Info: Hyper figures OFF on input line 6369.
Package hyperref Info: Link nesting OFF on input line 6374.
Package hyperref Info: Hyper index ON on input line 6377.
Package hyperref Info: backreferencing OFF on input line 6384.
Package hyperref Info: Link coloring OFF on input line 6389.
Package hyperref Info: Link coloring with OCG OFF on input line 6394.
Package hyperref Info: PDF/A mode OFF on input line 6399.
LaTeX Info: Redefining \ref on input line 6439.
LaTeX Info: Redefining \pageref on input line 6443.
\Hy@abspage=\count122
\c@Item=\count123
\c@Hfootnote=\count124
)
Package hyperref Info: Driver (autodetected): hpdftex.
(/Users/jrosenb8/Library/TinyTeX/texmf-dist/tex/latex/hyperref/hpdftex.def
File: hpdftex.def 2018/02/06 v6.86b Hyperref driver for pdfTeX
\Fld@listcount=\count125
\c@bookmark@seq@number=\count126

(/Users/jrosenb8/Library/TinyTeX/texmf-dist/tex/latex/oberdiek/rerunfilecheck.s
ty
Package: rerunfilecheck 2016/05/16 v1.8 Rerun checks for auxiliary files (HO)
Package uniquecounter Info: New unique counter `rerunfilecheck' on input line 2
82.
)
\Hy@SectionHShift=\skip69
)
Package hyperref Info: Option `unicode' set `true' on input line 30.
(/Users/jrosenb8/Library/TinyTeX/texmf-dist/tex/latex/hyperref/puenc.def
File: puenc.def 2018/02/06 v6.86b Hyperref: PDF Unicode definition (HO)
Now handling font encoding PU ...
... no UTF-8 mapping file for font encoding PU
)
Package hyperref Info: Option `breaklinks' set `true' on input line 30.
(/Users/jrosenb8/Library/TinyTeX/texmf-dist/tex/latex/oberdiek/grffile.sty
Package: grffile 2017/06/30 v1.18 Extended file name support for graphics (HO)
Package grffile Info: Option `multidot' is set to `true'.
Package grffile Info: Option `extendedchars' is set to `false'.
Package grffile Info: Option `space' is set to `true'.
Package grffile Info: \Gin@ii of package `graphicx' fixed on input line 494.
) (/Users/jrosenb8/Library/TinyTeX/texmf-dist/tex/latex/csquotes/csquotes.sty
Package: csquotes 2018/04/13 v5.2d context-sensitive quotations (JAW)
\csq@reset=\count127
\csq@gtype=\count128
\csq@glevel=\count129
\csq@qlevel=\count130
\csq@maxlvl=\count131
\csq@tshold=\count132
\csq@ltx@everypar=\toks25
(/Users/jrosenb8/Library/TinyTeX/texmf-dist/tex/latex/csquotes/csquotes.def
File: csquotes.def 2018/04/13 v5.2d csquotes generic definitions (JAW)
)
Package csquotes Info: Trying to load configuration file 'csquotes.cfg'...
Package csquotes Info: ... configuration file loaded successfully.
(/Users/jrosenb8/Library/TinyTeX/texmf-dist/tex/latex/csquotes/csquotes.cfg
File: csquotes.cfg 
)) (/Users/jrosenb8/Library/TinyTeX/texmf-dist/tex/latex/was/upgreek.sty
Package: upgreek 2003/02/12 v2.0 (WaS)
Package upgreek Info: Using Euler Roman for upright Greek on input line 31.
\symugrf@m=\mathgroup9
LaTeX Font Info:    Overwriting symbol font `ugrf@m' in version `bold'
(Font)                  U/eur/m/n --> U/eur/b/n on input line 38.
) (/Users/jrosenb8/Library/TinyTeX/texmf-dist/tex/latex/tools/longtable.sty
Package: longtable 2014/10/28 v4.11 Multi-page Table package (DPC)
\LTleft=\skip70
\LTright=\skip71
\LTpre=\skip72
\LTpost=\skip73
\LTchunksize=\count133
\LTcapwidth=\dimen147
\LT@head=\box30
\LT@firsthead=\box31
\LT@foot=\box32
\LT@lastfoot=\box33
\LT@cols=\count134
\LT@rows=\count135
\c@LT@tables=\count136
\c@LT@chunks=\count137
\LT@p@ftn=\toks26
) (/Users/jrosenb8/Library/TinyTeX/texmf-dist/tex/latex/graphics/lscape.sty
Package: lscape 2000/10/22 v3.01 Landscape Pages (DPC)
) (/Users/jrosenb8/Library/TinyTeX/texmf-dist/tex/latex/multirow/multirow.sty
Package: multirow 2018/08/03 v2.3 Span multiple rows of a table
\multirow@colwidth=\skip74
\multirow@cntb=\count138
\multirow@dima=\skip75
\bigstrutjot=\dimen148
) (/Users/jrosenb8/Library/TinyTeX/texmf-dist/tex/latex/tools/tabularx.sty
Package: tabularx 2016/02/03 v2.11b `tabularx' package (DPC)
(/Users/jrosenb8/Library/TinyTeX/texmf-dist/tex/latex/tools/array.sty
Package: array 2018/04/30 v2.4h Tabular extension package (FMi)
\col@sep=\dimen149
\ar@mcellbox=\box34
\extrarowheight=\dimen150
\NC@list=\toks27
\extratabsurround=\skip76
\backup@length=\skip77
\ar@cellbox=\box35
)
\TX@col@width=\dimen151
\TX@old@table=\dimen152
\TX@old@col=\dimen153
\TX@target=\dimen154
\TX@delta=\dimen155
\TX@cols=\count139
\TX@ftn=\toks28
)
(/Users/jrosenb8/Library/TinyTeX/texmf-dist/tex/latex/threeparttablex/threepart
tablex.sty
Package: threeparttablex 2013/07/23 v0.3 by daleif
(/Users/jrosenb8/Library/TinyTeX/texmf-dist/tex/latex/environ/environ.sty
Package: environ 2014/05/04 v0.3 A new way to define environments

(/Users/jrosenb8/Library/TinyTeX/texmf-dist/tex/latex/trimspaces/trimspaces.sty
Package: trimspaces 2009/09/17 v1.1 Trim spaces around a token list
))
\TPTL@width=\skip78
)
\longtablewidth=\skip79
(/Users/jrosenb8/Library/TinyTeX/texmf-dist/tex/latex/lineno/lineno.sty
Package: lineno 2005/11/02 line numbers on paragraphs v4.41
\linenopenalty=\count140
\output=\toks29
\linenoprevgraf=\count141
\linenumbersep=\dimen156
\linenumberwidth=\dimen157
\c@linenumber=\count142
\c@pagewiselinenumber=\count143
\c@LN@truepage=\count144
\c@internallinenumber=\count145
\c@internallinenumbers=\count146
\quotelinenumbersep=\dimen158
\bframerule=\dimen159
\bframesep=\dimen160
\bframebox=\box36

LaTeX Warning: Command \@parboxrestore  has changed.
               Check if current package is valid.

LaTeX Info: Redefining \\ on input line 3056.
)
Package csquotes Info: Checking for multilingual support...
Package csquotes Info: ... none found.
No file paper.aux.
\openout1 = `paper.aux'.

LaTeX Font Info:    Checking defaults for OML/cmm/m/it on input line 142.
LaTeX Font Info:    ... okay on input line 142.
LaTeX Font Info:    Checking defaults for T1/cmr/m/n on input line 142.
LaTeX Font Info:    ... okay on input line 142.
LaTeX Font Info:    Checking defaults for OT1/cmr/m/n on input line 142.
LaTeX Font Info:    ... okay on input line 142.
LaTeX Font Info:    Checking defaults for OMS/cmsy/m/n on input line 142.
LaTeX Font Info:    ... okay on input line 142.
LaTeX Font Info:    Checking defaults for OMX/cmex/m/n on input line 142.
LaTeX Font Info:    ... okay on input line 142.
LaTeX Font Info:    Checking defaults for U/cmr/m/n on input line 142.
LaTeX Font Info:    ... okay on input line 142.
LaTeX Font Info:    Checking defaults for TS1/cmr/m/n on input line 142.
LaTeX Font Info:    Try loading font information for TS1+cmr on input line 142.

(/Users/jrosenb8/Library/TinyTeX/texmf-dist/tex/latex/base/ts1cmr.fd
File: ts1cmr.fd 2014/09/29 v2.5h Standard LaTeX font definitions
)
LaTeX Font Info:    ... okay on input line 142.
LaTeX Font Info:    Checking defaults for PD1/pdf/m/n on input line 142.
LaTeX Font Info:    ... okay on input line 142.
LaTeX Font Info:    Checking defaults for PU/pdf/m/n on input line 142.
LaTeX Font Info:    ... okay on input line 142.
LaTeX Font Info:    Try loading font information for T1+lmr on input line 142.
(/Users/jrosenb8/Library/TinyTeX/texmf-dist/tex/latex/lm/t1lmr.fd
File: t1lmr.fd 2009/10/30 v1.6 Font defs for Latin Modern
)
*geometry* driver: auto-detecting
*geometry* detected driver: pdftex
*geometry* verbose mode - [ preamble ] result:
* driver: pdftex
* paper: <default>
* layout: <same size as paper>
* layoutoffset:(h,v)=(0.0pt,0.0pt)
* modes: twoside 
* h-part:(L,W,R)=(72.26999pt, 469.75502pt, 72.26999pt)
* v-part:(T,H,B)=(72.26999pt, 650.43001pt, 72.26999pt)
* \paperwidth=614.295pt
* \paperheight=794.96999pt
* \textwidth=469.75502pt
* \textheight=650.43001pt
* \oddsidemargin=0.0pt
* \evensidemargin=0.0pt
* \topmargin=-37.0pt
* \headheight=15.2pt
* \headsep=25.0pt
* \topskip=12.0pt
* \footskip=30.0pt
* \marginparwidth=95.0pt
* \marginparsep=10.0pt
* \columnsep=10.0pt
* \skip\footins=10.8pt plus 4.0pt minus 2.0pt
* \hoffset=0.0pt
* \voffset=0.0pt
* \mag=1000
* \@twocolumnfalse
* \@twosidetrue
* \@mparswitchtrue
* \@reversemarginfalse
* (1in=72.27pt=25.4mm, 1cm=28.453pt)


(/Users/jrosenb8/Library/TinyTeX/texmf-dist/tex/latex/oberdiek/epstopdf-base.st
y
Package: epstopdf-base 2016/05/15 v2.6 Base part for package epstopdf
(/Users/jrosenb8/Library/TinyTeX/texmf-dist/tex/latex/oberdiek/grfext.sty
Package: grfext 2016/05/16 v1.2 Manage graphics extensions (HO)
)
Package epstopdf-base Info: Redefining graphics rule for `.eps' on input line 4
38.
Package grfext Info: Graphics extension search list:
(grfext)             [.pdf,.png,.jpg,.mps,.jpeg,.jbig2,.jb2,.PDF,.PNG,.JPG,.JPE
G,.JBIG2,.JB2,.eps]
(grfext)             \AppendGraphicsExtensions on input line 456.

(/Users/jrosenb8/Library/TinyTeX/texmf-dist/tex/latex/latexconfig/epstopdf-sys.
cfg
File: epstopdf-sys.cfg 2010/07/13 v1.3 Configuration of (r)epstopdf for TeX Liv
e
))
(/Users/jrosenb8/Library/TinyTeX/texmf-dist/tex/latex/apa6/config/APAamerican.t
xt
File: APAamerican.txt 2012/02/23 v1.25 apa6 configuration for American English
)
Package caption Info: Begin \AtBeginDocument code.
Package caption Info: hyperref package is loaded.
Package caption Info: longtable package is loaded.
(/Users/jrosenb8/Library/TinyTeX/texmf-dist/tex/latex/caption/ltcaption.sty
Package: ltcaption 2013/06/09 v1.4-94 longtable captions (AR)
)
Package caption Info: End \AtBeginDocument code.
LaTeX Info: Redefining \microtypecontext on input line 142.
Package microtype Info: Generating PDF output.
Package microtype Info: Character protrusion enabled (level 2).
Package microtype Info: Using protrusion set `basicmath'.
Package microtype Info: Automatic font expansion enabled (level 2),
(microtype)             stretch: 20, shrink: 20, step: 1, non-selected.
Package microtype Info: Using default expansion set `basictext'.
Package microtype Info: No adjustment of tracking.
Package microtype Info: No adjustment of interword spacing.
Package microtype Info: No adjustment of character kerning.
(/Users/jrosenb8/Library/TinyTeX/texmf-dist/tex/latex/microtype/mt-cmr.cfg
File: mt-cmr.cfg 2013/05/19 v2.2 microtype config. file: Computer Modern Roman 
(RS)
)
\AtBeginShipoutBox=\box37
Package hyperref Info: Link coloring OFF on input line 142.
(/Users/jrosenb8/Library/TinyTeX/texmf-dist/tex/latex/hyperref/nameref.sty
Package: nameref 2016/05/21 v2.44 Cross-referencing by name of section

(/Users/jrosenb8/Library/TinyTeX/texmf-dist/tex/generic/oberdiek/gettitlestring
.sty
Package: gettitlestring 2016/05/16 v1.5 Cleanup title references (HO)
)
\c@section@level=\count147
)
LaTeX Info: Redefining \ref on input line 142.
LaTeX Info: Redefining \pageref on input line 142.
LaTeX Info: Redefining \nameref on input line 142.
\@outlinefile=\write5
\openout5 = `paper.out'.

LaTeX Font Info:    Try loading font information for T1+lmss on input line 144.

(/Users/jrosenb8/Library/TinyTeX/texmf-dist/tex/latex/lm/t1lmss.fd
File: t1lmss.fd 2009/10/30 v1.6 Font defs for Latin Modern
)
LaTeX Font Info:    Try loading font information for OT1+lmr on input line 144.

(/Users/jrosenb8/Library/TinyTeX/texmf-dist/tex/latex/lm/ot1lmr.fd
File: ot1lmr.fd 2009/10/30 v1.6 Font defs for Latin Modern
)
LaTeX Font Info:    Try loading font information for OML+lmm on input line 144.

(/Users/jrosenb8/Library/TinyTeX/texmf-dist/tex/latex/lm/omllmm.fd
File: omllmm.fd 2009/10/30 v1.6 Font defs for Latin Modern
)
LaTeX Font Info:    Try loading font information for OMS+lmsy on input line 144
.
(/Users/jrosenb8/Library/TinyTeX/texmf-dist/tex/latex/lm/omslmsy.fd
File: omslmsy.fd 2009/10/30 v1.6 Font defs for Latin Modern
)
LaTeX Font Info:    Try loading font information for OMX+lmex on input line 144
.
(/Users/jrosenb8/Library/TinyTeX/texmf-dist/tex/latex/lm/omxlmex.fd
File: omxlmex.fd 2009/10/30 v1.6 Font defs for Latin Modern
)
LaTeX Font Info:    External font `lmex10' loaded for size
(Font)              <12> on input line 144.
LaTeX Font Info:    External font `lmex10' loaded for size
(Font)              <8> on input line 144.
LaTeX Font Info:    External font `lmex10' loaded for size
(Font)              <6> on input line 144.
LaTeX Font Info:    Try loading font information for U+msa on input line 144.
(/Users/jrosenb8/Library/TinyTeX/texmf-dist/tex/latex/amsfonts/umsa.fd
File: umsa.fd 2013/01/14 v3.01 AMS symbols A
) (/Users/jrosenb8/Library/TinyTeX/texmf-dist/tex/latex/microtype/mt-msa.cfg
File: mt-msa.cfg 2006/02/04 v1.1 microtype config. file: AMS symbols (a) (RS)
)
LaTeX Font Info:    Try loading font information for U+msb on input line 144.
(/Users/jrosenb8/Library/TinyTeX/texmf-dist/tex/latex/amsfonts/umsb.fd
File: umsb.fd 2013/01/14 v3.01 AMS symbols B
) (/Users/jrosenb8/Library/TinyTeX/texmf-dist/tex/latex/microtype/mt-msb.cfg
File: mt-msb.cfg 2005/06/01 v1.0 microtype config. file: AMS symbols (b) (RS)
) (/Users/jrosenb8/Library/TinyTeX/texmf-dist/tex/latex/microtype/mt-eur.cfg
File: mt-eur.cfg 2006/07/31 v1.1 microtype config. file: AMS Euler Roman (RS)
) [1{/Users/jrosenb8/Library/TinyTeX/texmf-var/fonts/map/pdftex/updmap/pdftex.m
ap}

] [2]
LaTeX Font Info:    Try loading font information for T1+lmtt on input line 150.

(/Users/jrosenb8/Library/TinyTeX/texmf-dist/tex/latex/lm/t1lmtt.fd
File: t1lmtt.fd 2009/10/30 v1.6 Font defs for Latin Modern
) [3] [4] [5]
Overfull \hbox (549.10648pt too wide) in paragraph at lines 267--267
[]\T1/lmtt/m/n/12 #> To invalidate an inference, 60.3% of the estimate would ha
ve to be due to bias. This is based on a threshold of 0.794 for statistical sig
nificance (alpha = 0.05).[] 
 []


Overfull \hbox (209.48831pt too wide) in paragraph at lines 267--267
[]\T1/lmtt/m/n/12 #> To invalidate an inference, 60 observations would have to 
be replaced with cases for which the effect is 0.[] 
 []


Overfull \hbox (1135.73177pt too wide) in paragraph at lines 267--267
[]\T1/lmtt/m/n/12 #> An omitted variable would have to be correlated at 0.568 w
ith the outcome and at 0.568 with the predictor of interest (conditioning on ob
served covariates) to invalidate an inference based on a threshold of 0.201 for
 statistical significance (alpha = 0.05).[] 
 []


Overfull \hbox (376.20639pt too wide) in paragraph at lines 267--267
[]\T1/lmtt/m/n/12 #> Correspondingly the impact of an omitted variable (as defi
ned in Frank 2000) must be 0.568 X 0.568 = 0.323 to invalidate an inference.[] 

 []


Overfull \hbox (536.74947pt too wide) in paragraph at lines 290--290
[]\T1/lmtt/m/n/12 #> To sustain an inference, 89.924% of the estimate would hav
e to be due to bias. This is based on a threshold of 3.97 for statistical signi
ficance (alpha = 0.05).[] 
 []


Overfull \hbox (302.11336pt too wide) in paragraph at lines 290--290
[]\T1/lmtt/m/n/12 #> To sustain an inference, 90 of the cases with 0 effect wou
ld have to be replaced with cases at the threshold of inference.[] 
 []


Overfull \hbox (1111.03876pt too wide) in paragraph at lines 290--290
[]\T1/lmtt/m/n/12 #> An omitted variable would have to be correlated at 0.387 w
ith the outcome and at 0.387 with the predictor of interest (conditioning on ob
served covariates) to sustain an inference based on a threshold of 3.97 for sta
tistical significance (alpha = 0.05).[] 
 []


Overfull \hbox (351.52039pt too wide) in paragraph at lines 290--290
[]\T1/lmtt/m/n/12 #> Correspondingly the impact of an omitted variable (as defi
ned in Frank 2000) must be 0.387 X 0.387 = 0.15 to sustain an inference.[] 
 []

[6]
Overfull \hbox (567.6455pt too wide) in paragraph at lines 303--303
[]\T1/lmtt/m/n/12 #> To invalidate an inference, 41.732% of the estimate would 
have to be due to bias. This is based on a threshold of -1.282 for statistical 
significance (alpha = 0.05).[] 
 []


Overfull \hbox (209.49532pt too wide) in paragraph at lines 303--303
[]\T1/lmtt/m/n/12 #> To invalidate an inference, 83 observations would have to 
be replaced with cases for which the effect is 0.[] 
 []


Overfull \hbox (1135.74577pt too wide) in paragraph at lines 303--303
[]\T1/lmtt/m/n/12 #> An omitted variable would have to be correlated at 0.334 w
ith the outcome and at 0.334 with the predictor of interest (conditioning on ob
served covariates) to invalidate an inference based on a threshold of -0.14 for
 statistical significance (alpha = 0.05).[] 
 []


Overfull \hbox (376.2204pt too wide) in paragraph at lines 303--303
[]\T1/lmtt/m/n/12 #> Correspondingly the impact of an omitted variable (as defi
ned in Frank 2000) must be 0.334 X 0.334 = 0.112 to invalidate an inference.[] 

 []

\openout4 = `paper.fff'.

(paper.fff)
Overfull \hbox (561.45648pt too wide) in paragraph at lines 345--345
[]\T1/lmtt/m/n/12 #> To invalidate an inference, 60.557% of the estimate would 
have to be due to bias. This is based on a threshold of 0.789 for statistical s
ignificance (alpha = 0.05).[] 
 []


Overfull \hbox (215.67032pt too wide) in paragraph at lines 345--345
[]\T1/lmtt/m/n/12 #> To invalidate an inference, 121 observations would have to
 be replaced with cases for which the effect is 0.[] 
 []


Overfull \hbox (1129.55676pt too wide) in paragraph at lines 345--345
[]\T1/lmtt/m/n/12 #> An omitted variable would have to be correlated at 0.479 w
ith the outcome and at 0.479 with the predictor of interest (conditioning on ob
served covariates) to invalidate an inference based on a threshold of 0.14 for 
statistical significance (alpha = 0.05).[] 
 []


Overfull \hbox (376.19939pt too wide) in paragraph at lines 345--345
[]\T1/lmtt/m/n/12 #> Correspondingly the impact of an omitted variable (as defi
ned in Frank 2000) must be 0.479 X 0.479 = 0.229 to invalidate an inference.[] 

 []

[7]
Overfull \hbox (549.12048pt too wide) in paragraph at lines 411--411
[]\T1/lmtt/m/n/12 #> To sustain an inference, 41.327% of the estimate would hav
e to be due to bias. This is based on a threshold of -0.031 for statistical sig
nificance (alpha = 0.05).[] 
 []

[8]
Overfull \hbox (302.12036pt too wide) in paragraph at lines 411--411
[]\T1/lmtt/m/n/12 #> To sustain an inference, 13 of the cases with 0 effect wou
ld have to be replaced with cases at the threshold of inference.[] 
 []


Overfull \hbox (1123.39577pt too wide) in paragraph at lines 411--411
[]\T1/lmtt/m/n/12 #> An omitted variable would have to be correlated at 0.322 w
ith the outcome and at 0.322 with the predictor of interest (conditioning on ob
served covariates) to sustain an inference based on a threshold of -0.031 for s
tatistical significance (alpha = 0.05).[] 
 []


Overfull \hbox (357.69539pt too wide) in paragraph at lines 411--411
[]\T1/lmtt/m/n/12 #> Correspondingly the impact of an omitted variable (as defi
ned in Frank 2000) must be 0.322 X 0.322 = 0.104 to sustain an inference.[] 
 []


Overfull \hbox (549.12048pt too wide) in paragraph at lines 429--429
[]\T1/lmtt/m/n/12 #> To sustain an inference, 41.327% of the estimate would hav
e to be due to bias. This is based on a threshold of -0.031 for statistical sig
nificance (alpha = 0.05).[] 
 []


Overfull \hbox (302.12036pt too wide) in paragraph at lines 429--429
[]\T1/lmtt/m/n/12 #> To sustain an inference, 13 of the cases with 0 effect wou
ld have to be replaced with cases at the threshold of inference.[] 
 []


Overfull \hbox (1123.39577pt too wide) in paragraph at lines 429--429
[]\T1/lmtt/m/n/12 #> An omitted variable would have to be correlated at 0.322 w
ith the outcome and at 0.322 with the predictor of interest (conditioning on ob
served covariates) to sustain an inference based on a threshold of -0.031 for s
tatistical significance (alpha = 0.05).[] 
 []


Overfull \hbox (357.69539pt too wide) in paragraph at lines 429--429
[]\T1/lmtt/m/n/12 #> Correspondingly the impact of an omitted variable (as defi
ned in Frank 2000) must be 0.322 X 0.322 = 0.104 to sustain an inference.[] 
 []

[9]
Overfull \hbox (11.89522pt too wide) in paragraph at lines 460--460
[]\T1/lmtt/m/n/12 #>   var_name     t    df action   inference   pct_bias_to_ch
ang~   itcv r_con[] 
 []


Overfull \hbox (11.89522pt too wide) in paragraph at lines 460--460
[]\T1/lmtt/m/n/12 #>   <chr>    <dbl> <dbl> <chr>    <chr>                    <
dbl>  <dbl> <dbl>[] 
 []


Overfull \hbox (11.8742pt too wide) in paragraph at lines 460--460
[]\T1/lmtt/m/n/12 #> 1 wt       -5.79    29 to_inva~ reject_null               
51.5  0.585 0.765[] 
 []


Overfull \hbox (11.88121pt too wide) in paragraph at lines 460--460
[]\T1/lmtt/m/n/12 #> 2 hp       -1.2     29 to_sust~ fail_to_re~               
38.7 -0.102 0.319[] 
 []


Overfull \hbox (11.8672pt too wide) in paragraph at lines 460--460
[]\T1/lmtt/m/n/12 #> 3 qsec      1.16    29 to_sust~ fail_to_re~               
40.5 -0.106 0.326[] 
 []

LaTeX Font Info:    Try loading font information for TS1+lmtt on input line 477
.
(/Users/jrosenb8/Library/TinyTeX/texmf-dist/tex/latex/lm/ts1lmtt.fd
File: ts1lmtt.fd 2009/10/30 v1.6 Font defs for Latin Modern
) [10]
Overfull \hbox (542.93848pt too wide) in paragraph at lines 503--503
[]\T1/lmtt/m/n/12 #> To sustain an inference, 80.978% of the estimate would hav
e to be due to bias. This is based on a threshold of 0.013 for statistical sign
ificance (alpha = 0.05).[] 
 []


Overfull \hbox (320.64537pt too wide) in paragraph at lines 503--503
[]\T1/lmtt/m/n/12 #> To sustain an inference, 17334 of the cases with 0 effect 
would have to be replaced with cases at the threshold of inference.[] 
 []


Overfull \hbox (1135.74577pt too wide) in paragraph at lines 503--503
[]\T1/lmtt/m/n/12 #> An omitted variable would have to be correlated at 5.535 w
ith the outcome and at 5.535 with the predictor of interest (conditioning on ob
served covariates) to invalidate an inference based on a threshold of 1.003 for
 statistical significance (alpha = 0.05).[] 
 []


Overfull \hbox (382.3814pt too wide) in paragraph at lines 503--503
[]\T1/lmtt/m/n/12 #> Correspondingly the impact of an omitted variable (as defi
ned in Frank 2000) must be 5.535 X 5.535 = 30.636 to invalidate an inference.[]
 
 []

[11]
Overfull \hbox (555.29549pt too wide) in paragraph at lines 548--548
[]\T1/lmtt/m/n/12 #> To invalidate an inference, 84.83% of the estimate would h
ave to be due to bias. This is based on a threshold of 1.588 for statistical si
gnificance (alpha = 0.05).[] 
 []


Overfull \hbox (215.67032pt too wide) in paragraph at lines 548--548
[]\T1/lmtt/m/n/12 #> To invalidate an inference, 137 observations would have to
 be replaced with cases for which the effect is 0.[] 
 []


Overfull \hbox (1135.74577pt too wide) in paragraph at lines 548--548
[]\T1/lmtt/m/n/12 #> An omitted variable would have to be correlated at 0.817 w
ith the outcome and at 0.817 with the predictor of interest (conditioning on ob
served covariates) to invalidate an inference based on a threshold of 0.155 for
 statistical significance (alpha = 0.05).[] 
 []


Overfull \hbox (376.20639pt too wide) in paragraph at lines 548--548
[]\T1/lmtt/m/n/12 #> Correspondingly the impact of an omitted variable (as defi
ned in Frank 2000) must be 0.817 X 0.817 = 0.667 to invalidate an inference.[] 

 []

[12]
Overfull \hbox (11.89522pt too wide) in paragraph at lines 581--581
[]\T1/lmtt/m/n/12 #>         t    df action     inference     pct_bias_to_chang
e_i~   itcv r_con[] 
 []


Overfull \hbox (11.89522pt too wide) in paragraph at lines 581--581
[]\T1/lmtt/m/n/12 #>     <dbl> <int> <chr>      <chr>                         <
dbl>  <dbl> <dbl>[] 
 []


Overfull \hbox (11.88121pt too wide) in paragraph at lines 581--581
[]\T1/lmtt/m/n/12 #>  1  7.08    178 to_invali~ reject_null                   6
8.8   0.378 0.614[] 
 []


Overfull \hbox (5.6992pt too wide) in paragraph at lines 581--581
[]\T1/lmtt/m/n/12 #>  2  4.13    193 to_invali~ reject_null                   5
0.6   0.168 0.41[] 
 []


Overfull \hbox (5.71321pt too wide) in paragraph at lines 581--581
[]\T1/lmtt/m/n/12 #>  3  1.89     47 to_sustain fail_to_reje~                  
5.47 -0.012 0.11[] 
 []


Overfull \hbox (11.88821pt too wide) in paragraph at lines 581--581
[]\T1/lmtt/m/n/12 #>  4 -4.17    138 to_invali~ reject_null                   5
0.3   0.202 0.449[] 
 []


Overfull \hbox (11.8672pt too wide) in paragraph at lines 581--581
[]\T1/lmtt/m/n/12 #>  5 -1.19     97 to_sustain fail_to_reje~                 3
9.4  -0.065 0.255[] 
 []


Overfull \hbox (11.8602pt too wide) in paragraph at lines 581--581
[]\T1/lmtt/m/n/12 #>  6  3.59     87 to_invali~ reject_null                   4
1.9   0.19  0.436[] 
 []


Overfull \hbox (11.88821pt too wide) in paragraph at lines 581--581
[]\T1/lmtt/m/n/12 #>  7  0.282   117 to_sustain fail_to_reje~                 8
5.5  -0.131 0.361[] 
 []


Overfull \hbox (11.88821pt too wide) in paragraph at lines 581--581
[]\T1/lmtt/m/n/12 #>  8  2.55     75 to_invali~ reject_null                   2
0.6   0.075 0.274[] 
 []


Overfull \hbox (11.88821pt too wide) in paragraph at lines 581--581
[]\T1/lmtt/m/n/12 #>  9 -4.44    137 to_invali~ reject_null                   5
3.0   0.225 0.475[] 
 []


Overfull \hbox (11.88121pt too wide) in paragraph at lines 581--581
[]\T1/lmtt/m/n/12 #> 10 -2.05    195 to_invali~ reject_null                    
3.51  0.006 0.077[] 
 []

[13]
Underfull \vbox (badness 10000) has occurred while \output is active []

[14] AED endfloat: Processing end Figures and Tables [15] (./paper.fff
<paper_files/figure-latex/unnamed-chunk-5-1.pdf, id=92, 469.755pt x 325.215pt>
File: paper_files/figure-latex/unnamed-chunk-5-1.pdf Graphic file (type pdf)
<use paper_files/figure-latex/unnamed-chunk-5-1.pdf>
Package pdftex.def Info: paper_files/figure-latex/unnamed-chunk-5-1.pdf  used o
n input line 5.
(pdftex.def)             Requested size: 328.82626pt x 227.64894pt.
<paper_files/figure-latex/unnamed-chunk-6-1.pdf, id=93, 469.755pt x 325.215pt>
File: paper_files/figure-latex/unnamed-chunk-6-1.pdf Graphic file (type pdf)
<use paper_files/figure-latex/unnamed-chunk-6-1.pdf>
Package pdftex.def Info: paper_files/figure-latex/unnamed-chunk-6-1.pdf  used o
n input line 15.
(pdftex.def)             Requested size: 328.82626pt x 227.64894pt.
<paper_files/figure-latex/unnamed-chunk-8-1.pdf, id=94, 469.755pt x 325.215pt>
File: paper_files/figure-latex/unnamed-chunk-8-1.pdf Graphic file (type pdf)
<use paper_files/figure-latex/unnamed-chunk-8-1.pdf>
Package pdftex.def Info: paper_files/figure-latex/unnamed-chunk-8-1.pdf  used o
n input line 25.
(pdftex.def)             Requested size: 328.82626pt x 227.64894pt.

! LaTeX Error: \begin{figure*} on input line 21 ended by \end{figure}.

See the LaTeX manual or LaTeX Companion for explanation.
Type  H <return>  for immediate help.
 ...                                              
                                                  
l.30 \end{figure}
                 \begin{figure} 
Here is how much of TeX's memory you used:
 15085 strings out of 494587
 226916 string characters out of 6176888
 343214 words of memory out of 5000000
 18405 multiletter control sequences out of 15000+600000
 50226 words of font info for 73 fonts, out of 8000000 for 9000
 14 hyphenation exceptions out of 8191
 43i,10n,47p,792b,538s stack positions out of 5000i,500n,10000p,200000b,80000s

!  ==> Fatal error occurred, no output PDF file produced!
